20:49:38:646  INFO 10820 --- [main] com.hmall.HMallApplication               : Starting HMallApplication using Java 23.0.2 on Marlin-Computer with PID 10820 (C:\Users\30428\Downloads\day03-微服务01\资料\hmall\hm-service\target\classes started by 30428 in C:\Users\30428\Downloads\day03-微服务01\资料\hmall\hm-service)
20:49:38:649 DEBUG 10820 --- [main] com.hmall.HMallApplication               : Running with Spring Boot v2.7.12, Spring v5.3.27
20:49:38:649  INFO 10820 --- [main] com.hmall.HMallApplication               : The following 1 profile is active: "dev"
20:49:39:611  INFO 10820 --- [main] .s.d.r.c.RepositoryConfigurationDelegate : Multiple Spring Data modules found, entering strict repository configuration mode
20:49:39:617  INFO 10820 --- [main] .s.d.r.c.RepositoryConfigurationDelegate : Bootstrapping Spring Data Redis repositories in DEFAULT mode.
20:49:39:667  INFO 10820 --- [main] .s.d.r.c.RepositoryConfigurationDelegate : Finished Spring Data repository scanning in 24 ms. Found 0 Redis repository interfaces.
20:49:40:448  INFO 10820 --- [main] o.s.b.w.embedded.tomcat.TomcatWebServer  : Tomcat initialized with port(s): 8080 (http)
20:49:40:461  INFO 10820 --- [main] o.apache.catalina.core.StandardService   : Starting service [Tomcat]
20:49:40:461  INFO 10820 --- [main] org.apache.catalina.core.StandardEngine  : Starting Servlet engine: [Apache Tomcat/9.0.75]
20:49:40:636  INFO 10820 --- [main] o.a.c.c.C.[Tomcat].[localhost].[/]       : Initializing Spring embedded WebApplicationContext
20:49:40:637  INFO 10820 --- [main] w.s.c.ServletWebServerApplicationContext : Root WebApplicationContext: initialization completed in 1896 ms
20:49:42:887  INFO 10820 --- [main] pertySourcedRequestMappingHandlerMapping : Mapped URL path [/v2/api-docs] onto method [springfox.documentation.swagger2.web.Swagger2ControllerWebMvc#getDocumentation(String, HttpServletRequest)]
20:49:43:426  WARN 10820 --- [main] ConfigServletWebServerApplicationContext : Exception encountered during context initialization - cancelling refresh attempt: org.springframework.context.ApplicationContextException: Failed to start bean 'webServerStartStop'; nested exception is org.springframework.boot.web.server.PortInUseException: Port 8080 is already in use
20:49:43:449  INFO 10820 --- [main] o.apache.catalina.core.StandardService   : Stopping service [Tomcat]
20:49:43:461  INFO 10820 --- [main] ConditionEvaluationReportLoggingListener : 

Error starting ApplicationContext. To display the conditions report re-run your application with 'debug' enabled.
20:49:43:480 ERROR 10820 --- [main] o.s.b.d.LoggingFailureAnalysisReporter   : 

***************************
APPLICATION FAILED TO START
***************************

Description:

Web server failed to start. Port 8080 was already in use.

Action:

Identify and stop the process that's listening on port 8080 or configure this application to listen on another port.

